  Gui.cpp
D:\A_myLearning\ShikiRenderer\ShikiRenderer\ShikiRenderer\ImGui\imgui_impl_opengl3_loader.h(548,9): warning C4005: 'glActiveTexture': macro redefinition
  (compiling source file 'Gui.cpp')
      D:\A_myLearning\ShikiRenderer\ShikiRenderer\thirdParty\include\glad\glad.h(2423,9):
      see previous definition of 'glActiveTexture'
  
D:\A_myLearning\ShikiRenderer\ShikiRenderer\ShikiRenderer\ImGui\imgui_impl_opengl3_loader.h(549,9): warning C4005: 'glAttachShader': macro redefinition
  (compiling source file 'Gui.cpp')
      D:\A_myLearning\ShikiRenderer\ShikiRenderer\thirdParty\include\glad\glad.h(2786,9):
      see previous definition of 'glAttachShader'
  
D:\A_myLearning\ShikiRenderer\ShikiRenderer\ShikiRenderer\ImGui\imgui_impl_opengl3_loader.h(550,9): warning C4005: 'glBindBuffer': macro redefinition
  (compiling source file 'Gui.cpp')
      D:\A_myLearning\ShikiRenderer\ShikiRenderer\thirdParty\include\glad\glad.h(2734,9):
      see previous definition of 'glBindBuffer'
  
D:\A_myLearning\ShikiRenderer\ShikiRenderer\ShikiRenderer\ImGui\imgui_impl_opengl3_loader.h(551,9): warning C4005: 'glBindSampler': macro redefinition
  (compiling source file 'Gui.cpp')
      D:\A_myLearning\ShikiRenderer\ShikiRenderer\thirdParty\include\glad\glad.h(3448,9):
      see previous definition of 'glBindSampler'
  
D:\A_myLearning\ShikiRenderer\ShikiRenderer\ShikiRenderer\ImGui\imgui_impl_opengl3_loader.h(552,9): warning C4005: 'glBindTexture': macro redefinition
  (compiling source file 'Gui.cpp')
      D:\A_myLearning\ShikiRenderer\ShikiRenderer\thirdParty\include\glad\glad.h(2343,9):
      see previous definition of 'glBindTexture'
  
D:\A_myLearning\ShikiRenderer\ShikiRenderer\ShikiRenderer\ImGui\imgui_impl_opengl3_loader.h(553,9): warning C4005: 'glBindVertexArray': macro redefinition
  (compiling source file 'Gui.cpp')
      D:\A_myLearning\ShikiRenderer\ShikiRenderer\thirdParty\include\glad\glad.h(3316,9):
      see previous definition of 'glBindVertexArray'
  
D:\A_myLearning\ShikiRenderer\ShikiRenderer\ShikiRenderer\ImGui\imgui_impl_opengl3_loader.h(554,9): warning C4005: 'glBlendEquation': macro redefinition
  (compiling source file 'Gui.cpp')
      D:\A_myLearning\ShikiRenderer\ShikiRenderer\thirdParty\include\glad\glad.h(2703,9):
      see previous definition of 'glBlendEquation'
  
D:\A_myLearning\ShikiRenderer\ShikiRenderer\ShikiRenderer\ImGui\imgui_impl_opengl3_loader.h(555,9): warning C4005: 'glBlendEquationSeparate': macro redefinition
  (compiling source file 'Gui.cpp')
      D:\A_myLearning\ShikiRenderer\ShikiRenderer\thirdParty\include\glad\glad.h(2771,9):
      see previous definition of 'glBlendEquationSeparate'
  
D:\A_myLearning\ShikiRenderer\ShikiRenderer\ShikiRenderer\ImGui\imgui_impl_opengl3_loader.h(556,9): warning C4005: 'glBlendFuncSeparate': macro redefinition
  (compiling source file 'Gui.cpp')
      D:\A_myLearning\ShikiRenderer\ShikiRenderer\thirdParty\include\glad\glad.h(2565,9):
      see previous definition of 'glBlendFuncSeparate'
  
D:\A_myLearning\ShikiRenderer\ShikiRenderer\ShikiRenderer\ImGui\imgui_impl_opengl3_loader.h(557,9): warning C4005: 'glBufferData': macro redefinition
  (compiling source file 'Gui.cpp')
      D:\A_myLearning\ShikiRenderer\ShikiRenderer\thirdParty\include\glad\glad.h(2746,9):
      see previous definition of 'glBufferData'
  
D:\A_myLearning\ShikiRenderer\ShikiRenderer\ShikiRenderer\ImGui\imgui_impl_opengl3_loader.h(558,9): warning C4005: 'glBufferSubData': macro redefinition
  (compiling source file 'Gui.cpp')
      D:\A_myLearning\ShikiRenderer\ShikiRenderer\thirdParty\include\glad\glad.h(2749,9):
      see previous definition of 'glBufferSubData'
  
D:\A_myLearning\ShikiRenderer\ShikiRenderer\ShikiRenderer\ImGui\imgui_impl_opengl3_loader.h(559,9): warning C4005: 'glClear': macro redefinition
  (compiling source file 'Gui.cpp')
      D:\A_myLearning\ShikiRenderer\ShikiRenderer\thirdParty\include\glad\glad.h(1433,9):
      see previous definition of 'glClear'
  
D:\A_myLearning\ShikiRenderer\ShikiRenderer\ShikiRenderer\ImGui\imgui_impl_opengl3_loader.h(560,9): warning C4005: 'glClearColor': macro redefinition
  (compiling source file 'Gui.cpp')
      D:\A_myLearning\ShikiRenderer\ShikiRenderer\thirdParty\include\glad\glad.h(1436,9):
      see previous definition of 'glClearColor'
  
D:\A_myLearning\ShikiRenderer\ShikiRenderer\ShikiRenderer\ImGui\imgui_impl_opengl3_loader.h(561,9): warning C4005: 'glCompileShader': macro redefinition
  (compiling source file 'Gui.cpp')
      D:\A_myLearning\ShikiRenderer\ShikiRenderer\thirdParty\include\glad\glad.h(2792,9):
      see previous definition of 'glCompileShader'
  
D:\A_myLearning\ShikiRenderer\ShikiRenderer\ShikiRenderer\ImGui\imgui_impl_opengl3_loader.h(562,9): warning C4005: 'glCreateProgram': macro redefinition
  (compiling source file 'Gui.cpp')
      D:\A_myLearning\ShikiRenderer\ShikiRenderer\thirdParty\include\glad\glad.h(2795,9):
      see previous definition of 'glCreateProgram'
  
D:\A_myLearning\ShikiRenderer\ShikiRenderer\ShikiRenderer\ImGui\imgui_impl_opengl3_loader.h(563,9): warning C4005: 'glCreateShader': macro redefinition
  (compiling source file 'Gui.cpp')
      D:\A_myLearning\ShikiRenderer\ShikiRenderer\thirdParty\include\glad\glad.h(2798,9):
      see previous definition of 'glCreateShader'
  
D:\A_myLearning\ShikiRenderer\ShikiRenderer\ShikiRenderer\ImGui\imgui_impl_opengl3_loader.h(564,9): warning C4005: 'glDeleteBuffers': macro redefinition
  (compiling source file 'Gui.cpp')
      D:\A_myLearning\ShikiRenderer\ShikiRenderer\thirdParty\include\glad\glad.h(2737,9):
      see previous definition of 'glDeleteBuffers'
  
D:\A_myLearning\ShikiRenderer\ShikiRenderer\ShikiRenderer\ImGui\imgui_impl_opengl3_loader.h(565,9): warning C4005: 'glDeleteProgram': macro redefinition
  (compiling source file 'Gui.cpp')
      D:\A_myLearning\ShikiRenderer\ShikiRenderer\thirdParty\include\glad\glad.h(2801,9):
      see previous definition of 'glDeleteProgram'
  
D:\A_myLearning\ShikiRenderer\ShikiRenderer\ShikiRenderer\ImGui\imgui_impl_opengl3_loader.h(566,9): warning C4005: 'glDeleteShader': macro redefinition
  (compiling source file 'Gui.cpp')
      D:\A_myLearning\ShikiRenderer\ShikiRenderer\thirdParty\include\glad\glad.h(2804,9):
      see previous definition of 'glDeleteShader'
  
D:\A_myLearning\ShikiRenderer\ShikiRenderer\ShikiRenderer\ImGui\imgui_impl_opengl3_loader.h(567,9): warning C4005: 'glDeleteTextures': macro redefinition
  (compiling source file 'Gui.cpp')
      D:\A_myLearning\ShikiRenderer\ShikiRenderer\thirdParty\include\glad\glad.h(2346,9):
      see previous definition of 'glDeleteTextures'
  
D:\A_myLearning\ShikiRenderer\ShikiRenderer\ShikiRenderer\ImGui\imgui_impl_opengl3_loader.h(568,9): warning C4005: 'glDeleteVertexArrays': macro redefinition
  (compiling source file 'Gui.cpp')
      D:\A_myLearning\ShikiRenderer\ShikiRenderer\thirdParty\include\glad\glad.h(3319,9):
      see previous definition of 'glDeleteVertexArrays'
  
D:\A_myLearning\ShikiRenderer\ShikiRenderer\ShikiRenderer\ImGui\imgui_impl_opengl3_loader.h(569,9): warning C4005: 'glDetachShader': macro redefinition
  (compiling source file 'Gui.cpp')
      D:\A_myLearning\ShikiRenderer\ShikiRenderer\thirdParty\include\glad\glad.h(2807,9):
      see previous definition of 'glDetachShader'
  
D:\A_myLearning\ShikiRenderer\ShikiRenderer\ShikiRenderer\ImGui\imgui_impl_opengl3_loader.h(570,9): warning C4005: 'glDisable': macro redefinition
  (compiling source file 'Gui.cpp')
      D:\A_myLearning\ShikiRenderer\ShikiRenderer\thirdParty\include\glad\glad.h(1454,9):
      see previous definition of 'glDisable'
  
D:\A_myLearning\ShikiRenderer\ShikiRenderer\ShikiRenderer\ImGui\imgui_impl_opengl3_loader.h(571,9): warning C4005: 'glDisableVertexAttribArray': macro redefinition
  (compiling source file 'Gui.cpp')
      D:\A_myLearning\ShikiRenderer\ShikiRenderer\thirdParty\include\glad\glad.h(2810,9):
      see previous definition of 'glDisableVertexAttribArray'
  
D:\A_myLearning\ShikiRenderer\ShikiRenderer\ShikiRenderer\ImGui\imgui_impl_opengl3_loader.h(572,9): warning C4005: 'glDrawElements': macro redefinition
  (compiling source file 'Gui.cpp')
      D:\A_myLearning\ShikiRenderer\ShikiRenderer\thirdParty\include\glad\glad.h(2316,9):
      see previous definition of 'glDrawElements'
  
D:\A_myLearning\ShikiRenderer\ShikiRenderer\ShikiRenderer\ImGui\imgui_impl_opengl3_loader.h(573,9): warning C4005: 'glDrawElementsBaseVertex': macro redefinition
  (compiling source file 'Gui.cpp')
      D:\A_myLearning\ShikiRenderer\ShikiRenderer\thirdParty\include\glad\glad.h(3372,9):
      see previous definition of 'glDrawElementsBaseVertex'
  
D:\A_myLearning\ShikiRenderer\ShikiRenderer\ShikiRenderer\ImGui\imgui_impl_opengl3_loader.h(574,9): warning C4005: 'glEnable': macro redefinition
  (compiling source file 'Gui.cpp')
      D:\A_myLearning\ShikiRenderer\ShikiRenderer\thirdParty\include\glad\glad.h(1457,9):
      see previous definition of 'glEnable'
  
D:\A_myLearning\ShikiRenderer\ShikiRenderer\ShikiRenderer\ImGui\imgui_impl_opengl3_loader.h(575,9): warning C4005: 'glEnableVertexAttribArray': macro redefinition
  (compiling source file 'Gui.cpp')
      D:\A_myLearning\ShikiRenderer\ShikiRenderer\thirdParty\include\glad\glad.h(2813,9):
      see previous definition of 'glEnableVertexAttribArray'
  
D:\A_myLearning\ShikiRenderer\ShikiRenderer\ShikiRenderer\ImGui\imgui_impl_opengl3_loader.h(576,9): warning C4005: 'glFlush': macro redefinition
  (compiling source file 'Gui.cpp')
      D:\A_myLearning\ShikiRenderer\ShikiRenderer\thirdParty\include\glad\glad.h(1463,9):
      see previous definition of 'glFlush'
  
D:\A_myLearning\ShikiRenderer\ShikiRenderer\ShikiRenderer\ImGui\imgui_impl_opengl3_loader.h(577,9): warning C4005: 'glGenBuffers': macro redefinition
  (compiling source file 'Gui.cpp')
      D:\A_myLearning\ShikiRenderer\ShikiRenderer\thirdParty\include\glad\glad.h(2740,9):
      see previous definition of 'glGenBuffers'
  
D:\A_myLearning\ShikiRenderer\ShikiRenderer\ShikiRenderer\ImGui\imgui_impl_opengl3_loader.h(578,9): warning C4005: 'glGenTextures': macro redefinition
  (compiling source file 'Gui.cpp')
      D:\A_myLearning\ShikiRenderer\ShikiRenderer\thirdParty\include\glad\glad.h(2349,9):
      see previous definition of 'glGenTextures'
  
D:\A_myLearning\ShikiRenderer\ShikiRenderer\ShikiRenderer\ImGui\imgui_impl_opengl3_loader.h(579,9): warning C4005: 'glGenVertexArrays': macro redefinition
  (compiling source file 'Gui.cpp')
      D:\A_myLearning\ShikiRenderer\ShikiRenderer\thirdParty\include\glad\glad.h(3322,9):
      see previous definition of 'glGenVertexArrays'
  
D:\A_myLearning\ShikiRenderer\ShikiRenderer\ShikiRenderer\ImGui\imgui_impl_opengl3_loader.h(580,9): warning C4005: 'glGetAttribLocation': macro redefinition
  (compiling source file 'Gui.cpp')
      D:\A_myLearning\ShikiRenderer\ShikiRenderer\thirdParty\include\glad\glad.h(2825,9):
      see previous definition of 'glGetAttribLocation'
  
D:\A_myLearning\ShikiRenderer\ShikiRenderer\ShikiRenderer\ImGui\imgui_impl_opengl3_loader.h(581,9): warning C4005: 'glGetError': macro redefinition
  (compiling source file 'Gui.cpp')
      D:\A_myLearning\ShikiRenderer\ShikiRenderer\thirdParty\include\glad\glad.h(1499,9):
      see previous definition of 'glGetError'
  
D:\A_myLearning\ShikiRenderer\ShikiRenderer\ShikiRenderer\ImGui\imgui_impl_opengl3_loader.h(582,9): warning C4005: 'glGetIntegerv': macro redefinition
  (compiling source file 'Gui.cpp')
      D:\A_myLearning\ShikiRenderer\ShikiRenderer\thirdParty\include\glad\glad.h(1505,9):
      see previous definition of 'glGetIntegerv'
  
D:\A_myLearning\ShikiRenderer\ShikiRenderer\ShikiRenderer\ImGui\imgui_impl_opengl3_loader.h(583,9): warning C4005: 'glGetProgramInfoLog': macro redefinition
  (compiling source file 'Gui.cpp')
      D:\A_myLearning\ShikiRenderer\ShikiRenderer\thirdParty\include\glad\glad.h(2831,9):
      see previous definition of 'glGetProgramInfoLog'
  
D:\A_myLearning\ShikiRenderer\ShikiRenderer\ShikiRenderer\ImGui\imgui_impl_opengl3_loader.h(584,9): warning C4005: 'glGetProgramiv': macro redefinition
  (compiling source file 'Gui.cpp')
      D:\A_myLearning\ShikiRenderer\ShikiRenderer\thirdParty\include\glad\glad.h(2828,9):
      see previous definition of 'glGetProgramiv'
  
D:\A_myLearning\ShikiRenderer\ShikiRenderer\ShikiRenderer\ImGui\imgui_impl_opengl3_loader.h(585,9): warning C4005: 'glGetShaderInfoLog': macro redefinition
  (compiling source file 'Gui.cpp')
      D:\A_myLearning\ShikiRenderer\ShikiRenderer\thirdParty\include\glad\glad.h(2837,9):
      see previous definition of 'glGetShaderInfoLog'
  
D:\A_myLearning\ShikiRenderer\ShikiRenderer\ShikiRenderer\ImGui\imgui_impl_opengl3_loader.h(586,9): warning C4005: 'glGetShaderiv': macro redefinition
  (compiling source file 'Gui.cpp')
      D:\A_myLearning\ShikiRenderer\ShikiRenderer\thirdParty\include\glad\glad.h(2834,9):
      see previous definition of 'glGetShaderiv'
  
D:\A_myLearning\ShikiRenderer\ShikiRenderer\ShikiRenderer\ImGui\imgui_impl_opengl3_loader.h(587,9): warning C4005: 'glGetString': macro redefinition
  (compiling source file 'Gui.cpp')
      D:\A_myLearning\ShikiRenderer\ShikiRenderer\thirdParty\include\glad\glad.h(1508,9):
      see previous definition of 'glGetString'
  
D:\A_myLearning\ShikiRenderer\ShikiRenderer\ShikiRenderer\ImGui\imgui_impl_opengl3_loader.h(588,9): warning C4005: 'glGetStringi': macro redefinition
  (compiling source file 'Gui.cpp')
      D:\A_myLearning\ShikiRenderer\ShikiRenderer\thirdParty\include\glad\glad.h(3247,9):
      see previous definition of 'glGetStringi'
  
D:\A_myLearning\ShikiRenderer\ShikiRenderer\ShikiRenderer\ImGui\imgui_impl_opengl3_loader.h(589,9): warning C4005: 'glGetUniformLocation': macro redefinition
  (compiling source file 'Gui.cpp')
      D:\A_myLearning\ShikiRenderer\ShikiRenderer\thirdParty\include\glad\glad.h(2843,9):
      see previous definition of 'glGetUniformLocation'
  
D:\A_myLearning\ShikiRenderer\ShikiRenderer\ShikiRenderer\ImGui\imgui_impl_opengl3_loader.h(590,9): warning C4005: 'glGetVertexAttribPointerv': macro redefinition
  (compiling source file 'Gui.cpp')
      D:\A_myLearning\ShikiRenderer\ShikiRenderer\thirdParty\include\glad\glad.h(2861,9):
      see previous definition of 'glGetVertexAttribPointerv'
  
D:\A_myLearning\ShikiRenderer\ShikiRenderer\ShikiRenderer\ImGui\imgui_impl_opengl3_loader.h(591,9): warning C4005: 'glGetVertexAttribiv': macro redefinition
  (compiling source file 'Gui.cpp')
      D:\A_myLearning\ShikiRenderer\ShikiRenderer\thirdParty\include\glad\glad.h(2858,9):
      see previous definition of 'glGetVertexAttribiv'
  
D:\A_myLearning\ShikiRenderer\ShikiRenderer\ShikiRenderer\ImGui\imgui_impl_opengl3_loader.h(592,9): warning C4005: 'glIsEnabled': macro redefinition
  (compiling source file 'Gui.cpp')
      D:\A_myLearning\ShikiRenderer\ShikiRenderer\thirdParty\include\glad\glad.h(1526,9):
      see previous definition of 'glIsEnabled'
  
D:\A_myLearning\ShikiRenderer\ShikiRenderer\ShikiRenderer\ImGui\imgui_impl_opengl3_loader.h(593,9): warning C4005: 'glIsProgram': macro redefinition
  (compiling source file 'Gui.cpp')
      D:\A_myLearning\ShikiRenderer\ShikiRenderer\thirdParty\include\glad\glad.h(2864,9):
      see previous definition of 'glIsProgram'
  
D:\A_myLearning\ShikiRenderer\ShikiRenderer\ShikiRenderer\ImGui\imgui_impl_opengl3_loader.h(594,9): warning C4005: 'glLinkProgram': macro redefinition
  (compiling source file 'Gui.cpp')
      D:\A_myLearning\ShikiRenderer\ShikiRenderer\thirdParty\include\glad\glad.h(2870,9):
      see previous definition of 'glLinkProgram'
  
D:\A_myLearning\ShikiRenderer\ShikiRenderer\ShikiRenderer\ImGui\imgui_impl_opengl3_loader.h(595,9): warning C4005: 'glPixelStorei': macro redefinition
  (compiling source file 'Gui.cpp')
      D:\A_myLearning\ShikiRenderer\ShikiRenderer\thirdParty\include\glad\glad.h(1484,9):
      see previous definition of 'glPixelStorei'
  
D:\A_myLearning\ShikiRenderer\ShikiRenderer\ShikiRenderer\ImGui\imgui_impl_opengl3_loader.h(596,9): warning C4005: 'glPolygonMode': macro redefinition
  (compiling source file 'Gui.cpp')
      D:\A_myLearning\ShikiRenderer\ShikiRenderer\thirdParty\include\glad\glad.h(1406,9):
      see previous definition of 'glPolygonMode'
  
D:\A_myLearning\ShikiRenderer\ShikiRenderer\ShikiRenderer\ImGui\imgui_impl_opengl3_loader.h(597,9): warning C4005: 'glReadPixels': macro redefinition
  (compiling source file 'Gui.cpp')
      D:\A_myLearning\ShikiRenderer\ShikiRenderer\thirdParty\include\glad\glad.h(1490,9):
      see previous definition of 'glReadPixels'
  
D:\A_myLearning\ShikiRenderer\ShikiRenderer\ShikiRenderer\ImGui\imgui_impl_opengl3_loader.h(598,9): warning C4005: 'glScissor': macro redefinition
  (compiling source file 'Gui.cpp')
      D:\A_myLearning\ShikiRenderer\ShikiRenderer\thirdParty\include\glad\glad.h(1409,9):
      see previous definition of 'glScissor'
  
D:\A_myLearning\ShikiRenderer\ShikiRenderer\ShikiRenderer\ImGui\imgui_impl_opengl3_loader.h(599,9): warning C4005: 'glShaderSource': macro redefinition
  (compiling source file 'Gui.cpp')
      D:\A_myLearning\ShikiRenderer\ShikiRenderer\thirdParty\include\glad\glad.h(2873,9):
      see previous definition of 'glShaderSource'
  
D:\A_myLearning\ShikiRenderer\ShikiRenderer\ShikiRenderer\ImGui\imgui_impl_opengl3_loader.h(600,9): warning C4005: 'glTexImage2D': macro redefinition
  (compiling source file 'Gui.cpp')
      D:\A_myLearning\ShikiRenderer\ShikiRenderer\thirdParty\include\glad\glad.h(1427,9):
      see previous definition of 'glTexImage2D'
  
D:\A_myLearning\ShikiRenderer\ShikiRenderer\ShikiRenderer\ImGui\imgui_impl_opengl3_loader.h(601,9): warning C4005: 'glTexParameteri': macro redefinition
  (compiling source file 'Gui.cpp')
      D:\A_myLearning\ShikiRenderer\ShikiRenderer\thirdParty\include\glad\glad.h(1418,9):
      see previous definition of 'glTexParameteri'
  
D:\A_myLearning\ShikiRenderer\ShikiRenderer\ShikiRenderer\ImGui\imgui_impl_opengl3_loader.h(602,9): warning C4005: 'glUniform1i': macro redefinition
  (compiling source file 'Gui.cpp')
      D:\A_myLearning\ShikiRenderer\ShikiRenderer\thirdParty\include\glad\glad.h(2891,9):
      see previous definition of 'glUniform1i'
  
D:\A_myLearning\ShikiRenderer\ShikiRenderer\ShikiRenderer\ImGui\imgui_impl_opengl3_loader.h(603,9): warning C4005: 'glUniformMatrix4fv': macro redefinition
  (compiling source file 'Gui.cpp')
      D:\A_myLearning\ShikiRenderer\ShikiRenderer\thirdParty\include\glad\glad.h(2933,9):
      see previous definition of 'glUniformMatrix4fv'
  
D:\A_myLearning\ShikiRenderer\ShikiRenderer\ShikiRenderer\ImGui\imgui_impl_opengl3_loader.h(604,9): warning C4005: 'glUseProgram': macro redefinition
  (compiling source file 'Gui.cpp')
      D:\A_myLearning\ShikiRenderer\ShikiRenderer\thirdParty\include\glad\glad.h(2876,9):
      see previous definition of 'glUseProgram'
  
D:\A_myLearning\ShikiRenderer\ShikiRenderer\ShikiRenderer\ImGui\imgui_impl_opengl3_loader.h(605,9): warning C4005: 'glVertexAttribPointer': macro redefinition
  (compiling source file 'Gui.cpp')
      D:\A_myLearning\ShikiRenderer\ShikiRenderer\thirdParty\include\glad\glad.h(3047,9):
      see previous definition of 'glVertexAttribPointer'
  
D:\A_myLearning\ShikiRenderer\ShikiRenderer\ShikiRenderer\ImGui\imgui_impl_opengl3_loader.h(606,9): warning C4005: 'glViewport': macro redefinition
  (compiling source file 'Gui.cpp')
      D:\A_myLearning\ShikiRenderer\ShikiRenderer\thirdParty\include\glad\glad.h(1532,9):
      see previous definition of 'glViewport'
  
  main.cpp
D:\A_myLearning\ShikiRenderer\ShikiRenderer\ShikiRenderer\ImGui\imgui_impl_opengl3_loader.h(548,9): warning C4005: 'glActiveTexture': macro redefinition
  (compiling source file 'main.cpp')
      D:\A_myLearning\ShikiRenderer\ShikiRenderer\thirdParty\include\glad\glad.h(2423,9):
      see previous definition of 'glActiveTexture'
  
D:\A_myLearning\ShikiRenderer\ShikiRenderer\ShikiRenderer\ImGui\imgui_impl_opengl3_loader.h(549,9): warning C4005: 'glAttachShader': macro redefinition
  (compiling source file 'main.cpp')
      D:\A_myLearning\ShikiRenderer\ShikiRenderer\thirdParty\include\glad\glad.h(2786,9):
      see previous definition of 'glAttachShader'
  
D:\A_myLearning\ShikiRenderer\ShikiRenderer\ShikiRenderer\ImGui\imgui_impl_opengl3_loader.h(550,9): warning C4005: 'glBindBuffer': macro redefinition
  (compiling source file 'main.cpp')
      D:\A_myLearning\ShikiRenderer\ShikiRenderer\thirdParty\include\glad\glad.h(2734,9):
      see previous definition of 'glBindBuffer'
  
D:\A_myLearning\ShikiRenderer\ShikiRenderer\ShikiRenderer\ImGui\imgui_impl_opengl3_loader.h(551,9): warning C4005: 'glBindSampler': macro redefinition
  (compiling source file 'main.cpp')
      D:\A_myLearning\ShikiRenderer\ShikiRenderer\thirdParty\include\glad\glad.h(3448,9):
      see previous definition of 'glBindSampler'
  
D:\A_myLearning\ShikiRenderer\ShikiRenderer\ShikiRenderer\ImGui\imgui_impl_opengl3_loader.h(552,9): warning C4005: 'glBindTexture': macro redefinition
  (compiling source file 'main.cpp')
      D:\A_myLearning\ShikiRenderer\ShikiRenderer\thirdParty\include\glad\glad.h(2343,9):
      see previous definition of 'glBindTexture'
  
D:\A_myLearning\ShikiRenderer\ShikiRenderer\ShikiRenderer\ImGui\imgui_impl_opengl3_loader.h(553,9): warning C4005: 'glBindVertexArray': macro redefinition
  (compiling source file 'main.cpp')
      D:\A_myLearning\ShikiRenderer\ShikiRenderer\thirdParty\include\glad\glad.h(3316,9):
      see previous definition of 'glBindVertexArray'
  
D:\A_myLearning\ShikiRenderer\ShikiRenderer\ShikiRenderer\ImGui\imgui_impl_opengl3_loader.h(554,9): warning C4005: 'glBlendEquation': macro redefinition
  (compiling source file 'main.cpp')
      D:\A_myLearning\ShikiRenderer\ShikiRenderer\thirdParty\include\glad\glad.h(2703,9):
      see previous definition of 'glBlendEquation'
  
D:\A_myLearning\ShikiRenderer\ShikiRenderer\ShikiRenderer\ImGui\imgui_impl_opengl3_loader.h(555,9): warning C4005: 'glBlendEquationSeparate': macro redefinition
  (compiling source file 'main.cpp')
      D:\A_myLearning\ShikiRenderer\ShikiRenderer\thirdParty\include\glad\glad.h(2771,9):
      see previous definition of 'glBlendEquationSeparate'
  
D:\A_myLearning\ShikiRenderer\ShikiRenderer\ShikiRenderer\ImGui\imgui_impl_opengl3_loader.h(556,9): warning C4005: 'glBlendFuncSeparate': macro redefinition
  (compiling source file 'main.cpp')
      D:\A_myLearning\ShikiRenderer\ShikiRenderer\thirdParty\include\glad\glad.h(2565,9):
      see previous definition of 'glBlendFuncSeparate'
  
D:\A_myLearning\ShikiRenderer\ShikiRenderer\ShikiRenderer\ImGui\imgui_impl_opengl3_loader.h(557,9): warning C4005: 'glBufferData': macro redefinition
  (compiling source file 'main.cpp')
      D:\A_myLearning\ShikiRenderer\ShikiRenderer\thirdParty\include\glad\glad.h(2746,9):
      see previous definition of 'glBufferData'
  
D:\A_myLearning\ShikiRenderer\ShikiRenderer\ShikiRenderer\ImGui\imgui_impl_opengl3_loader.h(558,9): warning C4005: 'glBufferSubData': macro redefinition
  (compiling source file 'main.cpp')
      D:\A_myLearning\ShikiRenderer\ShikiRenderer\thirdParty\include\glad\glad.h(2749,9):
      see previous definition of 'glBufferSubData'
  
D:\A_myLearning\ShikiRenderer\ShikiRenderer\ShikiRenderer\ImGui\imgui_impl_opengl3_loader.h(559,9): warning C4005: 'glClear': macro redefinition
  (compiling source file 'main.cpp')
      D:\A_myLearning\ShikiRenderer\ShikiRenderer\thirdParty\include\glad\glad.h(1433,9):
      see previous definition of 'glClear'
  
D:\A_myLearning\ShikiRenderer\ShikiRenderer\ShikiRenderer\ImGui\imgui_impl_opengl3_loader.h(560,9): warning C4005: 'glClearColor': macro redefinition
  (compiling source file 'main.cpp')
      D:\A_myLearning\ShikiRenderer\ShikiRenderer\thirdParty\include\glad\glad.h(1436,9):
      see previous definition of 'glClearColor'
  
D:\A_myLearning\ShikiRenderer\ShikiRenderer\ShikiRenderer\ImGui\imgui_impl_opengl3_loader.h(561,9): warning C4005: 'glCompileShader': macro redefinition
  (compiling source file 'main.cpp')
      D:\A_myLearning\ShikiRenderer\ShikiRenderer\thirdParty\include\glad\glad.h(2792,9):
      see previous definition of 'glCompileShader'
  
D:\A_myLearning\ShikiRenderer\ShikiRenderer\ShikiRenderer\ImGui\imgui_impl_opengl3_loader.h(562,9): warning C4005: 'glCreateProgram': macro redefinition
  (compiling source file 'main.cpp')
      D:\A_myLearning\ShikiRenderer\ShikiRenderer\thirdParty\include\glad\glad.h(2795,9):
      see previous definition of 'glCreateProgram'
  
D:\A_myLearning\ShikiRenderer\ShikiRenderer\ShikiRenderer\ImGui\imgui_impl_opengl3_loader.h(563,9): warning C4005: 'glCreateShader': macro redefinition
  (compiling source file 'main.cpp')
      D:\A_myLearning\ShikiRenderer\ShikiRenderer\thirdParty\include\glad\glad.h(2798,9):
      see previous definition of 'glCreateShader'
  
D:\A_myLearning\ShikiRenderer\ShikiRenderer\ShikiRenderer\ImGui\imgui_impl_opengl3_loader.h(564,9): warning C4005: 'glDeleteBuffers': macro redefinition
  (compiling source file 'main.cpp')
      D:\A_myLearning\ShikiRenderer\ShikiRenderer\thirdParty\include\glad\glad.h(2737,9):
      see previous definition of 'glDeleteBuffers'
  
D:\A_myLearning\ShikiRenderer\ShikiRenderer\ShikiRenderer\ImGui\imgui_impl_opengl3_loader.h(565,9): warning C4005: 'glDeleteProgram': macro redefinition
  (compiling source file 'main.cpp')
      D:\A_myLearning\ShikiRenderer\ShikiRenderer\thirdParty\include\glad\glad.h(2801,9):
      see previous definition of 'glDeleteProgram'
  
D:\A_myLearning\ShikiRenderer\ShikiRenderer\ShikiRenderer\ImGui\imgui_impl_opengl3_loader.h(566,9): warning C4005: 'glDeleteShader': macro redefinition
  (compiling source file 'main.cpp')
      D:\A_myLearning\ShikiRenderer\ShikiRenderer\thirdParty\include\glad\glad.h(2804,9):
      see previous definition of 'glDeleteShader'
  
D:\A_myLearning\ShikiRenderer\ShikiRenderer\ShikiRenderer\ImGui\imgui_impl_opengl3_loader.h(567,9): warning C4005: 'glDeleteTextures': macro redefinition
  (compiling source file 'main.cpp')
      D:\A_myLearning\ShikiRenderer\ShikiRenderer\thirdParty\include\glad\glad.h(2346,9):
      see previous definition of 'glDeleteTextures'
  
D:\A_myLearning\ShikiRenderer\ShikiRenderer\ShikiRenderer\ImGui\imgui_impl_opengl3_loader.h(568,9): warning C4005: 'glDeleteVertexArrays': macro redefinition
  (compiling source file 'main.cpp')
      D:\A_myLearning\ShikiRenderer\ShikiRenderer\thirdParty\include\glad\glad.h(3319,9):
      see previous definition of 'glDeleteVertexArrays'
  
D:\A_myLearning\ShikiRenderer\ShikiRenderer\ShikiRenderer\ImGui\imgui_impl_opengl3_loader.h(569,9): warning C4005: 'glDetachShader': macro redefinition
  (compiling source file 'main.cpp')
      D:\A_myLearning\ShikiRenderer\ShikiRenderer\thirdParty\include\glad\glad.h(2807,9):
      see previous definition of 'glDetachShader'
  
D:\A_myLearning\ShikiRenderer\ShikiRenderer\ShikiRenderer\ImGui\imgui_impl_opengl3_loader.h(570,9): warning C4005: 'glDisable': macro redefinition
  (compiling source file 'main.cpp')
      D:\A_myLearning\ShikiRenderer\ShikiRenderer\thirdParty\include\glad\glad.h(1454,9):
      see previous definition of 'glDisable'
  
D:\A_myLearning\ShikiRenderer\ShikiRenderer\ShikiRenderer\ImGui\imgui_impl_opengl3_loader.h(571,9): warning C4005: 'glDisableVertexAttribArray': macro redefinition
  (compiling source file 'main.cpp')
      D:\A_myLearning\ShikiRenderer\ShikiRenderer\thirdParty\include\glad\glad.h(2810,9):
      see previous definition of 'glDisableVertexAttribArray'
  
D:\A_myLearning\ShikiRenderer\ShikiRenderer\ShikiRenderer\ImGui\imgui_impl_opengl3_loader.h(572,9): warning C4005: 'glDrawElements': macro redefinition
  (compiling source file 'main.cpp')
      D:\A_myLearning\ShikiRenderer\ShikiRenderer\thirdParty\include\glad\glad.h(2316,9):
      see previous definition of 'glDrawElements'
  
D:\A_myLearning\ShikiRenderer\ShikiRenderer\ShikiRenderer\ImGui\imgui_impl_opengl3_loader.h(573,9): warning C4005: 'glDrawElementsBaseVertex': macro redefinition
  (compiling source file 'main.cpp')
      D:\A_myLearning\ShikiRenderer\ShikiRenderer\thirdParty\include\glad\glad.h(3372,9):
      see previous definition of 'glDrawElementsBaseVertex'
  
D:\A_myLearning\ShikiRenderer\ShikiRenderer\ShikiRenderer\ImGui\imgui_impl_opengl3_loader.h(574,9): warning C4005: 'glEnable': macro redefinition
  (compiling source file 'main.cpp')
      D:\A_myLearning\ShikiRenderer\ShikiRenderer\thirdParty\include\glad\glad.h(1457,9):
      see previous definition of 'glEnable'
  
D:\A_myLearning\ShikiRenderer\ShikiRenderer\ShikiRenderer\ImGui\imgui_impl_opengl3_loader.h(575,9): warning C4005: 'glEnableVertexAttribArray': macro redefinition
  (compiling source file 'main.cpp')
      D:\A_myLearning\ShikiRenderer\ShikiRenderer\thirdParty\include\glad\glad.h(2813,9):
      see previous definition of 'glEnableVertexAttribArray'
  
D:\A_myLearning\ShikiRenderer\ShikiRenderer\ShikiRenderer\ImGui\imgui_impl_opengl3_loader.h(576,9): warning C4005: 'glFlush': macro redefinition
  (compiling source file 'main.cpp')
      D:\A_myLearning\ShikiRenderer\ShikiRenderer\thirdParty\include\glad\glad.h(1463,9):
      see previous definition of 'glFlush'
  
D:\A_myLearning\ShikiRenderer\ShikiRenderer\ShikiRenderer\ImGui\imgui_impl_opengl3_loader.h(577,9): warning C4005: 'glGenBuffers': macro redefinition
  (compiling source file 'main.cpp')
      D:\A_myLearning\ShikiRenderer\ShikiRenderer\thirdParty\include\glad\glad.h(2740,9):
      see previous definition of 'glGenBuffers'
  
D:\A_myLearning\ShikiRenderer\ShikiRenderer\ShikiRenderer\ImGui\imgui_impl_opengl3_loader.h(578,9): warning C4005: 'glGenTextures': macro redefinition
  (compiling source file 'main.cpp')
      D:\A_myLearning\ShikiRenderer\ShikiRenderer\thirdParty\include\glad\glad.h(2349,9):
      see previous definition of 'glGenTextures'
  
D:\A_myLearning\ShikiRenderer\ShikiRenderer\ShikiRenderer\ImGui\imgui_impl_opengl3_loader.h(579,9): warning C4005: 'glGenVertexArrays': macro redefinition
  (compiling source file 'main.cpp')
      D:\A_myLearning\ShikiRenderer\ShikiRenderer\thirdParty\include\glad\glad.h(3322,9):
      see previous definition of 'glGenVertexArrays'
  
D:\A_myLearning\ShikiRenderer\ShikiRenderer\ShikiRenderer\ImGui\imgui_impl_opengl3_loader.h(580,9): warning C4005: 'glGetAttribLocation': macro redefinition
  (compiling source file 'main.cpp')
      D:\A_myLearning\ShikiRenderer\ShikiRenderer\thirdParty\include\glad\glad.h(2825,9):
      see previous definition of 'glGetAttribLocation'
  
D:\A_myLearning\ShikiRenderer\ShikiRenderer\ShikiRenderer\ImGui\imgui_impl_opengl3_loader.h(581,9): warning C4005: 'glGetError': macro redefinition
  (compiling source file 'main.cpp')
      D:\A_myLearning\ShikiRenderer\ShikiRenderer\thirdParty\include\glad\glad.h(1499,9):
      see previous definition of 'glGetError'
  
D:\A_myLearning\ShikiRenderer\ShikiRenderer\ShikiRenderer\ImGui\imgui_impl_opengl3_loader.h(582,9): warning C4005: 'glGetIntegerv': macro redefinition
  (compiling source file 'main.cpp')
      D:\A_myLearning\ShikiRenderer\ShikiRenderer\thirdParty\include\glad\glad.h(1505,9):
      see previous definition of 'glGetIntegerv'
  
D:\A_myLearning\ShikiRenderer\ShikiRenderer\ShikiRenderer\ImGui\imgui_impl_opengl3_loader.h(583,9): warning C4005: 'glGetProgramInfoLog': macro redefinition
  (compiling source file 'main.cpp')
      D:\A_myLearning\ShikiRenderer\ShikiRenderer\thirdParty\include\glad\glad.h(2831,9):
      see previous definition of 'glGetProgramInfoLog'
  
D:\A_myLearning\ShikiRenderer\ShikiRenderer\ShikiRenderer\ImGui\imgui_impl_opengl3_loader.h(584,9): warning C4005: 'glGetProgramiv': macro redefinition
  (compiling source file 'main.cpp')
      D:\A_myLearning\ShikiRenderer\ShikiRenderer\thirdParty\include\glad\glad.h(2828,9):
      see previous definition of 'glGetProgramiv'
  
D:\A_myLearning\ShikiRenderer\ShikiRenderer\ShikiRenderer\ImGui\imgui_impl_opengl3_loader.h(585,9): warning C4005: 'glGetShaderInfoLog': macro redefinition
  (compiling source file 'main.cpp')
      D:\A_myLearning\ShikiRenderer\ShikiRenderer\thirdParty\include\glad\glad.h(2837,9):
      see previous definition of 'glGetShaderInfoLog'
  
D:\A_myLearning\ShikiRenderer\ShikiRenderer\ShikiRenderer\ImGui\imgui_impl_opengl3_loader.h(586,9): warning C4005: 'glGetShaderiv': macro redefinition
  (compiling source file 'main.cpp')
      D:\A_myLearning\ShikiRenderer\ShikiRenderer\thirdParty\include\glad\glad.h(2834,9):
      see previous definition of 'glGetShaderiv'
  
D:\A_myLearning\ShikiRenderer\ShikiRenderer\ShikiRenderer\ImGui\imgui_impl_opengl3_loader.h(587,9): warning C4005: 'glGetString': macro redefinition
  (compiling source file 'main.cpp')
      D:\A_myLearning\ShikiRenderer\ShikiRenderer\thirdParty\include\glad\glad.h(1508,9):
      see previous definition of 'glGetString'
  
D:\A_myLearning\ShikiRenderer\ShikiRenderer\ShikiRenderer\ImGui\imgui_impl_opengl3_loader.h(588,9): warning C4005: 'glGetStringi': macro redefinition
  (compiling source file 'main.cpp')
      D:\A_myLearning\ShikiRenderer\ShikiRenderer\thirdParty\include\glad\glad.h(3247,9):
      see previous definition of 'glGetStringi'
  
D:\A_myLearning\ShikiRenderer\ShikiRenderer\ShikiRenderer\ImGui\imgui_impl_opengl3_loader.h(589,9): warning C4005: 'glGetUniformLocation': macro redefinition
  (compiling source file 'main.cpp')
      D:\A_myLearning\ShikiRenderer\ShikiRenderer\thirdParty\include\glad\glad.h(2843,9):
      see previous definition of 'glGetUniformLocation'
  
D:\A_myLearning\ShikiRenderer\ShikiRenderer\ShikiRenderer\ImGui\imgui_impl_opengl3_loader.h(590,9): warning C4005: 'glGetVertexAttribPointerv': macro redefinition
  (compiling source file 'main.cpp')
      D:\A_myLearning\ShikiRenderer\ShikiRenderer\thirdParty\include\glad\glad.h(2861,9):
      see previous definition of 'glGetVertexAttribPointerv'
  
D:\A_myLearning\ShikiRenderer\ShikiRenderer\ShikiRenderer\ImGui\imgui_impl_opengl3_loader.h(591,9): warning C4005: 'glGetVertexAttribiv': macro redefinition
  (compiling source file 'main.cpp')
      D:\A_myLearning\ShikiRenderer\ShikiRenderer\thirdParty\include\glad\glad.h(2858,9):
      see previous definition of 'glGetVertexAttribiv'
  
D:\A_myLearning\ShikiRenderer\ShikiRenderer\ShikiRenderer\ImGui\imgui_impl_opengl3_loader.h(592,9): warning C4005: 'glIsEnabled': macro redefinition
  (compiling source file 'main.cpp')
      D:\A_myLearning\ShikiRenderer\ShikiRenderer\thirdParty\include\glad\glad.h(1526,9):
      see previous definition of 'glIsEnabled'
  
D:\A_myLearning\ShikiRenderer\ShikiRenderer\ShikiRenderer\ImGui\imgui_impl_opengl3_loader.h(593,9): warning C4005: 'glIsProgram': macro redefinition
  (compiling source file 'main.cpp')
      D:\A_myLearning\ShikiRenderer\ShikiRenderer\thirdParty\include\glad\glad.h(2864,9):
      see previous definition of 'glIsProgram'
  
D:\A_myLearning\ShikiRenderer\ShikiRenderer\ShikiRenderer\ImGui\imgui_impl_opengl3_loader.h(594,9): warning C4005: 'glLinkProgram': macro redefinition
  (compiling source file 'main.cpp')
      D:\A_myLearning\ShikiRenderer\ShikiRenderer\thirdParty\include\glad\glad.h(2870,9):
      see previous definition of 'glLinkProgram'
  
D:\A_myLearning\ShikiRenderer\ShikiRenderer\ShikiRenderer\ImGui\imgui_impl_opengl3_loader.h(595,9): warning C4005: 'glPixelStorei': macro redefinition
  (compiling source file 'main.cpp')
      D:\A_myLearning\ShikiRenderer\ShikiRenderer\thirdParty\include\glad\glad.h(1484,9):
      see previous definition of 'glPixelStorei'
  
D:\A_myLearning\ShikiRenderer\ShikiRenderer\ShikiRenderer\ImGui\imgui_impl_opengl3_loader.h(596,9): warning C4005: 'glPolygonMode': macro redefinition
  (compiling source file 'main.cpp')
      D:\A_myLearning\ShikiRenderer\ShikiRenderer\thirdParty\include\glad\glad.h(1406,9):
      see previous definition of 'glPolygonMode'
  
D:\A_myLearning\ShikiRenderer\ShikiRenderer\ShikiRenderer\ImGui\imgui_impl_opengl3_loader.h(597,9): warning C4005: 'glReadPixels': macro redefinition
  (compiling source file 'main.cpp')
      D:\A_myLearning\ShikiRenderer\ShikiRenderer\thirdParty\include\glad\glad.h(1490,9):
      see previous definition of 'glReadPixels'
  
D:\A_myLearning\ShikiRenderer\ShikiRenderer\ShikiRenderer\ImGui\imgui_impl_opengl3_loader.h(598,9): warning C4005: 'glScissor': macro redefinition
  (compiling source file 'main.cpp')
      D:\A_myLearning\ShikiRenderer\ShikiRenderer\thirdParty\include\glad\glad.h(1409,9):
      see previous definition of 'glScissor'
  
D:\A_myLearning\ShikiRenderer\ShikiRenderer\ShikiRenderer\ImGui\imgui_impl_opengl3_loader.h(599,9): warning C4005: 'glShaderSource': macro redefinition
  (compiling source file 'main.cpp')
      D:\A_myLearning\ShikiRenderer\ShikiRenderer\thirdParty\include\glad\glad.h(2873,9):
      see previous definition of 'glShaderSource'
  
D:\A_myLearning\ShikiRenderer\ShikiRenderer\ShikiRenderer\ImGui\imgui_impl_opengl3_loader.h(600,9): warning C4005: 'glTexImage2D': macro redefinition
  (compiling source file 'main.cpp')
      D:\A_myLearning\ShikiRenderer\ShikiRenderer\thirdParty\include\glad\glad.h(1427,9):
      see previous definition of 'glTexImage2D'
  
D:\A_myLearning\ShikiRenderer\ShikiRenderer\ShikiRenderer\ImGui\imgui_impl_opengl3_loader.h(601,9): warning C4005: 'glTexParameteri': macro redefinition
  (compiling source file 'main.cpp')
      D:\A_myLearning\ShikiRenderer\ShikiRenderer\thirdParty\include\glad\glad.h(1418,9):
      see previous definition of 'glTexParameteri'
  
D:\A_myLearning\ShikiRenderer\ShikiRenderer\ShikiRenderer\ImGui\imgui_impl_opengl3_loader.h(602,9): warning C4005: 'glUniform1i': macro redefinition
  (compiling source file 'main.cpp')
      D:\A_myLearning\ShikiRenderer\ShikiRenderer\thirdParty\include\glad\glad.h(2891,9):
      see previous definition of 'glUniform1i'
  
D:\A_myLearning\ShikiRenderer\ShikiRenderer\ShikiRenderer\ImGui\imgui_impl_opengl3_loader.h(603,9): warning C4005: 'glUniformMatrix4fv': macro redefinition
  (compiling source file 'main.cpp')
      D:\A_myLearning\ShikiRenderer\ShikiRenderer\thirdParty\include\glad\glad.h(2933,9):
      see previous definition of 'glUniformMatrix4fv'
  
D:\A_myLearning\ShikiRenderer\ShikiRenderer\ShikiRenderer\ImGui\imgui_impl_opengl3_loader.h(604,9): warning C4005: 'glUseProgram': macro redefinition
  (compiling source file 'main.cpp')
      D:\A_myLearning\ShikiRenderer\ShikiRenderer\thirdParty\include\glad\glad.h(2876,9):
      see previous definition of 'glUseProgram'
  
D:\A_myLearning\ShikiRenderer\ShikiRenderer\ShikiRenderer\ImGui\imgui_impl_opengl3_loader.h(605,9): warning C4005: 'glVertexAttribPointer': macro redefinition
  (compiling source file 'main.cpp')
      D:\A_myLearning\ShikiRenderer\ShikiRenderer\thirdParty\include\glad\glad.h(3047,9):
      see previous definition of 'glVertexAttribPointer'
  
D:\A_myLearning\ShikiRenderer\ShikiRenderer\ShikiRenderer\ImGui\imgui_impl_opengl3_loader.h(606,9): warning C4005: 'glViewport': macro redefinition
  (compiling source file 'main.cpp')
      D:\A_myLearning\ShikiRenderer\ShikiRenderer\thirdParty\include\glad\glad.h(1532,9):
      see previous definition of 'glViewport'
  
  Generating Code...
glfw3.lib(init.obj) : warning LNK4099: PDB '' was not found with 'glfw3.lib(init.obj)' or at ''; linking object as if no debug info
glfw3.lib(monitor.obj) : warning LNK4099: PDB '' was not found with 'glfw3.lib(monitor.obj)' or at ''; linking object as if no debug info
glfw3.lib(window.obj) : warning LNK4099: PDB '' was not found with 'glfw3.lib(window.obj)' or at ''; linking object as if no debug info
glfw3.lib(input.obj) : warning LNK4099: PDB '' was not found with 'glfw3.lib(input.obj)' or at ''; linking object as if no debug info
glfw3.lib(win32_window.obj) : warning LNK4099: PDB '' was not found with 'glfw3.lib(win32_window.obj)' or at ''; linking object as if no debug info
glfw3.lib(context.obj) : warning LNK4099: PDB '' was not found with 'glfw3.lib(context.obj)' or at ''; linking object as if no debug info
glfw3.lib(win32_time.obj) : warning LNK4099: PDB '' was not found with 'glfw3.lib(win32_time.obj)' or at ''; linking object as if no debug info
glfw3.lib(win32_thread.obj) : warning LNK4099: PDB '' was not found with 'glfw3.lib(win32_thread.obj)' or at ''; linking object as if no debug info
glfw3.lib(platform.obj) : warning LNK4099: PDB '' was not found with 'glfw3.lib(platform.obj)' or at ''; linking object as if no debug info
glfw3.lib(vulkan.obj) : warning LNK4099: PDB '' was not found with 'glfw3.lib(vulkan.obj)' or at ''; linking object as if no debug info
glfw3.lib(win32_init.obj) : warning LNK4099: PDB '' was not found with 'glfw3.lib(win32_init.obj)' or at ''; linking object as if no debug info
glfw3.lib(win32_monitor.obj) : warning LNK4099: PDB '' was not found with 'glfw3.lib(win32_monitor.obj)' or at ''; linking object as if no debug info
glfw3.lib(wgl_context.obj) : warning LNK4099: PDB '' was not found with 'glfw3.lib(wgl_context.obj)' or at ''; linking object as if no debug info
glfw3.lib(egl_context.obj) : warning LNK4099: PDB '' was not found with 'glfw3.lib(egl_context.obj)' or at ''; linking object as if no debug info
glfw3.lib(osmesa_context.obj) : warning LNK4099: PDB '' was not found with 'glfw3.lib(osmesa_context.obj)' or at ''; linking object as if no debug info
glfw3.lib(null_init.obj) : warning LNK4099: PDB '' was not found with 'glfw3.lib(null_init.obj)' or at ''; linking object as if no debug info
glfw3.lib(win32_module.obj) : warning LNK4099: PDB '' was not found with 'glfw3.lib(win32_module.obj)' or at ''; linking object as if no debug info
glfw3.lib(win32_joystick.obj) : warning LNK4099: PDB '' was not found with 'glfw3.lib(win32_joystick.obj)' or at ''; linking object as if no debug info
glfw3.lib(null_monitor.obj) : warning LNK4099: PDB '' was not found with 'glfw3.lib(null_monitor.obj)' or at ''; linking object as if no debug info
glfw3.lib(null_window.obj) : warning LNK4099: PDB '' was not found with 'glfw3.lib(null_window.obj)' or at ''; linking object as if no debug info
glfw3.lib(null_joystick.obj) : warning LNK4099: PDB '' was not found with 'glfw3.lib(null_joystick.obj)' or at ''; linking object as if no debug info
  ShikiRenderer.vcxproj -> D:\A_myLearning\ShikiRenderer\ShikiRenderer\x64\Debug\ShikiRenderer.exe
